<?xml version="1.0" encoding="UTF-8"?>
<!-- Generated by org.testng.reporters.JUnitReportReporter -->
<testsuite hostname="DESKTOP-MGEE5SL" failures="0" tests="1" name="Test.buyandselltest" time="8.910" errors="0" timestamp="2022-05-04T17:30:15 IST" skipped="0">
  <testcase classname="Test.buyandselltest" name="addshares" time="8.910"/>
  <system-out/>
</testsuite> <!-- Test.buyandselltest -->
